2023-07-30 09:26:09,464 main ERROR Unable to create file logs/server.log java.io.IOException: Read-only file system
        at java.base/java.io.UnixFileSystem.createFileExclusively(Native Method)
        at java.base/java.io.File.createNewFile(File.java:1035)
        at org.apache.logging.log4j.core.appender.rolling.RollingFileManager$RollingFileManagerFactory.createManager(RollingFileManager.java:733)
        at org.apache.logging.log4j.core.appender.rolling.RollingFileManager$RollingFileManagerFactory.createManager(RollingFileManager.java:716)
        at org.apache.logging.log4j.core.appender.AbstractManager.getManager(AbstractManager.java:144)
        at org.apache.logging.log4j.core.appender.OutputStreamManager.getManager(OutputStreamManager.java:100)
        at org.apache.logging.log4j.core.appender.rolling.RollingFileManager.getFileManager(RollingFileManager.java:217)
        at org.apache.logging.log4j.core.appender.RollingFileAppender$Builder.build(RollingFileAppender.java:146)
        at org.apache.logging.log4j.core.appender.RollingFileAppender$Builder.build(RollingFileAppender.java:62)
        at org.apache.logging.log4j.core.config.plugins.util.PluginBuilder.build(PluginBuilder.java:124)
        at org.apache.logging.log4j.core.config.AbstractConfiguration.createPluginObject(AbstractConfiguration.java:1122)
        at org.apache.logging.log4j.core.config.AbstractConfiguration.createConfiguration(AbstractConfiguration.java:1047)
        at org.apache.logging.log4j.core.config.AbstractConfiguration.createConfiguration(AbstractConfiguration.java:1039)
        at org.apache.logging.log4j.core.config.AbstractConfiguration.doConfigure(AbstractConfiguration.java:651)
        at org.apache.logging.log4j.core.config.AbstractConfiguration.initialize(AbstractConfiguration.java:249)
        at org.apache.logging.log4j.core.config.AbstractConfiguration.start(AbstractConfiguration.java:295)
        at org.apache.logging.log4j.core.LoggerContext.setConfiguration(LoggerContext.java:621)
        at org.apache.logging.log4j.core.LoggerContext.reconfigure(LoggerContext.java:694)
        at org.apache.logging.log4j.core.LoggerContext.reconfigure(LoggerContext.java:711)
        at org.apache.logging.log4j.core.LoggerContext.start(LoggerContext.java:253)
        at org.apache.logging.log4j.core.impl.Log4jContextFactory.getContext(Log4jContextFactory.java:155)
        at org.apache.logging.log4j.core.impl.Log4jContextFactory.getContext(Log4jContextFactory.java:47)
        at org.apache.logging.log4j.LogManager.getContext(LogManager.java:196)
        at org.apache.logging.log4j.spi.AbstractLoggerAdapter.getContext(AbstractLoggerAdapter.java:137)
        at org.apache.logging.slf4j.Log4jLoggerFactory.getContext(Log4jLoggerFactory.java:55)
        at org.apache.logging.log4j.spi.AbstractLoggerAdapter.getLogger(AbstractLoggerAdapter.java:47)
        at org.apache.logging.slf4j.Log4jLoggerFactory.getLogger(Log4jLoggerFactory.java:33)
        at org.slf4j.LoggerFactory.getLogger(LoggerFactory.java:363)
        at com.ubnt.service.system.VA.return(Unknown Source)
        at com.ubnt.service.system.VA.<clinit>(Unknown Source)
        at com.ubnt.ace.Launcher.<clinit>(Unknown Source)

2023-07-30 09:26:09,470 main ERROR Could not create plugin of type class org.apache.logging.log4j.core.appender.RollingFileAppender for element RollingFile: java.lang.IllegalStateException: ManagerFactory [org.apache.logging.log4j.core.appender.rolling.RollingFileManager$RollingFileManagerFactory@4de4b452] unable to create manager for [logs/server.log] with data [org.apache.logging.log4j.core.appender.rolling.RollingFileManager$FactoryData@50b5ac82[pattern=logs/server.log.%i, append=true, bufferedIO=true, bufferSize=8192, policy=SizeBasedTriggeringPolicy(size=10485760), strategy=DefaultRolloverStrategy(min=1, max=3, useMax=false), advertiseURI=null, layout=[%d{ISO8601}] <%t> %-5p %-6c{1} - %m%n, filePermissions=null, fileOwner=null]] java.lang.IllegalStateException: ManagerFactory [org.apache.logging.log4j.core.appender.rolling.RollingFileManager$RollingFileManagerFactory@4de4b452] unable to create manager for [logs/server.log] with data [org.apache.logging.log4j.core.appender.rolling.RollingFileManager$FactoryData@50b5ac82[pattern=logs/server.log.%i, append=true, bufferedIO=true, bufferSize=8192, policy=SizeBasedTriggeringPolicy(size=10485760), strategy=DefaultRolloverStrategy(min=1, max=3, useMax=false), advertiseURI=null, layout=[%d{ISO8601}] <%t> %-5p %-6c{1} - %m%n, filePermissions=null, fileOwner=null]]
        at org.apache.logging.log4j.core.appender.AbstractManager.getManager(AbstractManager.java:146)
        at org.apache.logging.log4j.core.appender.OutputStreamManager.getManager(OutputStreamManager.java:100)
        at org.apache.logging.log4j.core.appender.rolling.RollingFileManager.getFileManager(RollingFileManager.java:217)
        at org.apache.logging.log4j.core.appender.RollingFileAppender$Builder.build(RollingFileAppender.java:146)
        at org.apache.logging.log4j.core.appender.RollingFileAppender$Builder.build(RollingFileAppender.java:62)
        at org.apache.logging.log4j.core.config.plugins.util.PluginBuilder.build(PluginBuilder.java:124)
        at org.apache.logging.log4j.core.config.AbstractConfiguration.createPluginObject(AbstractConfiguration.java:1122)
        at org.apache.logging.log4j.core.config.AbstractConfiguration.createConfiguration(AbstractConfiguration.java:1047)
        at org.apache.logging.log4j.core.config.AbstractConfiguration.createConfiguration(AbstractConfiguration.java:1039)
        at org.apache.logging.log4j.core.config.AbstractConfiguration.doConfigure(AbstractConfiguration.java:651)
        at org.apache.logging.log4j.core.config.AbstractConfiguration.initialize(AbstractConfiguration.java:249)
        at org.apache.logging.log4j.core.config.AbstractConfiguration.start(AbstractConfiguration.java:295)
        at org.apache.logging.log4j.core.LoggerContext.setConfiguration(LoggerContext.java:621)
        at org.apache.logging.log4j.core.LoggerContext.reconfigure(LoggerContext.java:694)
        at org.apache.logging.log4j.core.LoggerContext.reconfigure(LoggerContext.java:711)
        at org.apache.logging.log4j.core.LoggerContext.start(LoggerContext.java:253)
        at org.apache.logging.log4j.core.impl.Log4jContextFactory.getContext(Log4jContextFactory.java:155)
        at org.apache.logging.log4j.core.impl.Log4jContextFactory.getContext(Log4jContextFactory.java:47)
        at org.apache.logging.log4j.LogManager.getContext(LogManager.java:196)
        at org.apache.logging.log4j.spi.AbstractLoggerAdapter.getContext(AbstractLoggerAdapter.java:137)
        at org.apache.logging.slf4j.Log4jLoggerFactory.getContext(Log4jLoggerFactory.java:55)
        at org.apache.logging.log4j.spi.AbstractLoggerAdapter.getLogger(AbstractLoggerAdapter.java:47)
        at org.apache.logging.slf4j.Log4jLoggerFactory.getLogger(Log4jLoggerFactory.java:33)
        at org.slf4j.LoggerFactory.getLogger(LoggerFactory.java:363)
        at com.ubnt.service.system.VA.return(Unknown Source)
        at com.ubnt.service.system.VA.<clinit>(Unknown Source)
        at com.ubnt.ace.Launcher.<clinit>(Unknown Source)

2023-07-30 09:26:09,472 main ERROR Unable to invoke factory method in class org.apache.logging.log4j.core.appender.RollingFileAppender for element RollingFile: java.lang.IllegalStateException: No factory method found for class org.apache.logging.log4j.core.appender.RollingFileAppender java.lang.IllegalStateException: No factory method found for class org.apache.logging.log4j.core.appender.RollingFileAppender
        at org.apache.logging.log4j.core.config.plugins.util.PluginBuilder.findFactoryMethod(PluginBuilder.java:238)
        at org.apache.logging.log4j.core.config.plugins.util.PluginBuilder.build(PluginBuilder.java:136)
        at org.apache.logging.log4j.core.config.AbstractConfiguration.createPluginObject(AbstractConfiguration.java:1122)
        at org.apache.logging.log4j.core.config.AbstractConfiguration.createConfiguration(AbstractConfiguration.java:1047)
        at org.apache.logging.log4j.core.config.AbstractConfiguration.createConfiguration(AbstractConfiguration.java:1039)
        at org.apache.logging.log4j.core.config.AbstractConfiguration.doConfigure(AbstractConfiguration.java:651)
        at org.apache.logging.log4j.core.config.AbstractConfiguration.initialize(AbstractConfiguration.java:249)
        at org.apache.logging.log4j.core.config.AbstractConfiguration.start(AbstractConfiguration.java:295)
        at org.apache.logging.log4j.core.LoggerContext.setConfiguration(LoggerContext.java:621)
        at org.apache.logging.log4j.core.LoggerContext.reconfigure(LoggerContext.java:694)
        at org.apache.logging.log4j.core.LoggerContext.reconfigure(LoggerContext.java:711)
        at org.apache.logging.log4j.core.LoggerContext.start(LoggerContext.java:253)
        at org.apache.logging.log4j.core.impl.Log4jContextFactory.getContext(Log4jContextFactory.java:155)
        at org.apache.logging.log4j.core.impl.Log4jContextFactory.getContext(Log4jContextFactory.java:47)
        at org.apache.logging.log4j.LogManager.getContext(LogManager.java:196)
        at org.apache.logging.log4j.spi.AbstractLoggerAdapter.getContext(AbstractLoggerAdapter.java:137)
        at org.apache.logging.slf4j.Log4jLoggerFactory.getContext(Log4jLoggerFactory.java:55)
        at org.apache.logging.log4j.spi.AbstractLoggerAdapter.getLogger(AbstractLoggerAdapter.java:47)
        at org.apache.logging.slf4j.Log4jLoggerFactory.getLogger(Log4jLoggerFactory.java:33)
        at org.slf4j.LoggerFactory.getLogger(LoggerFactory.java:363)
        at com.ubnt.service.system.VA.return(Unknown Source)
        at com.ubnt.service.system.VA.<clinit>(Unknown Source)
        at com.ubnt.ace.Launcher.<clinit>(Unknown Source)

2023-07-30 09:26:09,477 main ERROR Unable to create file logs/migration.log java.io.IOException: Read-only file system
        at java.base/java.io.UnixFileSystem.createFileExclusively(Native Method)
        at java.base/java.io.File.createNewFile(File.java:1035)
        at org.apache.logging.log4j.core.appender.rolling.RollingFileManager$RollingFileManagerFactory.createManager(RollingFileManager.java:733)
        at org.apache.logging.log4j.core.appender.rolling.RollingFileManager$RollingFileManagerFactory.createManager(RollingFileManager.java:716)
        at org.apache.logging.log4j.core.appender.AbstractManager.getManager(AbstractManager.java:144)
        at org.apache.logging.log4j.core.appender.OutputStreamManager.getManager(OutputStreamManager.java:100)
        at org.apache.logging.log4j.core.appender.rolling.RollingFileManager.getFileManager(RollingFileManager.java:217)
        at org.apache.logging.log4j.core.appender.RollingFileAppender$Builder.build(RollingFileAppender.java:146)
        at org.apache.logging.log4j.core.appender.RollingFileAppender$Builder.build(RollingFileAppender.java:62)
        at org.apache.logging.log4j.core.config.plugins.util.PluginBuilder.build(PluginBuilder.java:124)
        at org.apache.logging.log4j.core.config.AbstractConfiguration.createPluginObject(AbstractConfiguration.java:1122)
        at org.apache.logging.log4j.core.config.AbstractConfiguration.createConfiguration(AbstractConfiguration.java:1047)
        at org.apache.logging.log4j.core.config.AbstractConfiguration.createConfiguration(AbstractConfiguration.java:1039)
        at org.apache.logging.log4j.core.config.AbstractConfiguration.doConfigure(AbstractConfiguration.java:651)
        at org.apache.logging.log4j.core.config.AbstractConfiguration.initialize(AbstractConfiguration.java:249)
        at org.apache.logging.log4j.core.config.AbstractConfiguration.start(AbstractConfiguration.java:295)
        at org.apache.logging.log4j.core.LoggerContext.setConfiguration(LoggerContext.java:621)
        at org.apache.logging.log4j.core.LoggerContext.reconfigure(LoggerContext.java:694)
        at org.apache.logging.log4j.core.LoggerContext.reconfigure(LoggerContext.java:711)
        at org.apache.logging.log4j.core.LoggerContext.start(LoggerContext.java:253)
        at org.apache.logging.log4j.core.impl.Log4jContextFactory.getContext(Log4jContextFactory.java:155)
        at org.apache.logging.log4j.core.impl.Log4jContextFactory.getContext(Log4jContextFactory.java:47)
        at org.apache.logging.log4j.LogManager.getContext(LogManager.java:196)
        at org.apache.logging.log4j.spi.AbstractLoggerAdapter.getContext(AbstractLoggerAdapter.java:137)
        at org.apache.logging.slf4j.Log4jLoggerFactory.getContext(Log4jLoggerFactory.java:55)
        at org.apache.logging.log4j.spi.AbstractLoggerAdapter.getLogger(AbstractLoggerAdapter.java:47)
        at org.apache.logging.slf4j.Log4jLoggerFactory.getLogger(Log4jLoggerFactory.java:33)
        at org.slf4j.LoggerFactory.getLogger(LoggerFactory.java:363)
        at com.ubnt.service.system.VA.return(Unknown Source)
        at com.ubnt.service.system.VA.<clinit>(Unknown Source)
        at com.ubnt.ace.Launcher.<clinit>(Unknown Source)

2023-07-30 09:26:09,479 main ERROR Could not create plugin of type class org.apache.logging.log4j.core.appender.RollingFileAppender for element RollingFile: java.lang.IllegalStateException: ManagerFactory [org.apache.logging.log4j.core.appender.rolling.RollingFileManager$RollingFileManagerFactory@4de4b452] unable to create manager for [logs/migration.log] with data [org.apache.logging.log4j.core.appender.rolling.RollingFileManager$FactoryData@3c73951[pattern=logs/migration.log.%i, append=true, bufferedIO=true, 
bufferSize=8192, policy=SizeBasedTriggeringPolicy(size=10485760), strategy=DefaultRolloverStrategy(min=1, max=1, useMax=false), advertiseURI=null, layout=[%d{ISO8601}] <%t> %-5p %-6c{1} - %m%n, filePermissions=null, fileOwner=null]] java.lang.IllegalStateException: ManagerFactory [org.apache.logging.log4j.core.appender.rolling.RollingFileManager$RollingFileManagerFactory@4de4b452] unable to create manager for [logs/migration.log] with data [org.apache.logging.log4j.core.appender.rolling.RollingFileManager$FactoryData@3c73951[pattern=logs/migration.log.%i, append=true, bufferedIO=true, bufferSize=8192, policy=SizeBasedTriggeringPolicy(size=10485760), strategy=DefaultRolloverStrategy(min=1, max=1, useMax=false), advertiseURI=null, layout=[%d{ISO8601}] <%t> %-5p %-6c{1} - %m%n, filePermissions=null, fileOwner=null]]
        at org.apache.logging.log4j.core.appender.AbstractManager.getManager(AbstractManager.java:146)
        at org.apache.logging.log4j.core.appender.OutputStreamManager.getManager(OutputStreamManager.java:100)
        at org.apache.logging.log4j.core.appender.rolling.RollingFileManager.getFileManager(RollingFileManager.java:217)
        at org.apache.logging.log4j.core.appender.RollingFileAppender$Builder.build(RollingFileAppender.java:146)
        at org.apache.logging.log4j.core.appender.RollingFileAppender$Builder.build(RollingFileAppender.java:62)
        at org.apache.logging.log4j.core.config.plugins.util.PluginBuilder.build(PluginBuilder.java:124)
        at org.apache.logging.log4j.core.config.AbstractConfiguration.createPluginObject(AbstractConfiguration.java:1122)
        at org.apache.logging.log4j.core.config.AbstractConfiguration.createConfiguration(AbstractConfiguration.java:1047)
        at org.apache.logging.log4j.core.config.AbstractConfiguration.createConfiguration(AbstractConfiguration.java:1039)
        at org.apache.logging.log4j.core.config.AbstractConfiguration.doConfigure(AbstractConfiguration.java:651)
        at org.apache.logging.log4j.core.config.AbstractConfiguration.initialize(AbstractConfiguration.java:249)
        at org.apache.logging.log4j.core.config.AbstractConfiguration.start(AbstractConfiguration.java:295)
        at org.apache.logging.log4j.core.LoggerContext.setConfiguration(LoggerContext.java:621)
        at org.apache.logging.log4j.core.LoggerContext.reconfigure(LoggerContext.java:694)
        at org.apache.logging.log4j.core.LoggerContext.reconfigure(LoggerContext.java:711)
        at org.apache.logging.log4j.core.LoggerContext.start(LoggerContext.java:253)
        at org.apache.logging.log4j.core.impl.Log4jContextFactory.getContext(Log4jContextFactory.java:155)
        at org.apache.logging.log4j.core.impl.Log4jContextFactory.getContext(Log4jContextFactory.java:47)
        at org.apache.logging.log4j.LogManager.getContext(LogManager.java:196)
        at org.apache.logging.log4j.spi.AbstractLoggerAdapter.getContext(AbstractLoggerAdapter.java:137)
        at org.apache.logging.slf4j.Log4jLoggerFactory.getContext(Log4jLoggerFactory.java:55)
        at org.apache.logging.log4j.spi.AbstractLoggerAdapter.getLogger(AbstractLoggerAdapter.java:47)
        at org.apache.logging.slf4j.Log4jLoggerFactory.getLogger(Log4jLoggerFactory.java:33)
        at org.slf4j.LoggerFactory.getLogger(LoggerFactory.java:363)
        at com.ubnt.service.system.VA.return(Unknown Source)
        at com.ubnt.service.system.VA.<clinit>(Unknown Source)
        at com.ubnt.ace.Launcher.<clinit>(Unknown Source)

2023-07-30 09:26:09,480 main ERROR Unable to invoke factory method in class org.apache.logging.log4j.core.appender.RollingFileAppender for element RollingFile: java.lang.IllegalStateException: No factory method found for class org.apache.logging.log4j.core.appender.RollingFileAppender java.lang.IllegalStateException: No factory method found for class org.apache.logging.log4j.core.appender.RollingFileAppender
        at org.apache.logging.log4j.core.config.plugins.util.PluginBuilder.findFactoryMethod(PluginBuilder.java:238)
        at org.apache.logging.log4j.core.config.plugins.util.PluginBuilder.build(PluginBuilder.java:136)
        at org.apache.logging.log4j.core.config.AbstractConfiguration.createPluginObject(AbstractConfiguration.java:1122)
        at org.apache.logging.log4j.core.config.AbstractConfiguration.createConfiguration(AbstractConfiguration.java:1047)
        at org.apache.logging.log4j.core.config.AbstractConfiguration.createConfiguration(AbstractConfiguration.java:1039)
        at org.apache.logging.log4j.core.config.AbstractConfiguration.doConfigure(AbstractConfiguration.java:651)
        at org.apache.logging.log4j.core.config.AbstractConfiguration.initialize(AbstractConfiguration.java:249)
        at org.apache.logging.log4j.core.config.AbstractConfiguration.start(AbstractConfiguration.java:295)
        at org.apache.logging.log4j.core.LoggerContext.setConfiguration(LoggerContext.java:621)
        at org.apache.logging.log4j.core.LoggerContext.reconfigure(LoggerContext.java:694)
        at org.apache.logging.log4j.core.LoggerContext.reconfigure(LoggerContext.java:711)
        at org.apache.logging.log4j.core.LoggerContext.start(LoggerContext.java:253)
        at org.apache.logging.log4j.core.impl.Log4jContextFactory.getContext(Log4jContextFactory.java:155)
        at org.apache.logging.log4j.core.impl.Log4jContextFactory.getContext(Log4jContextFactory.java:47)
        at org.apache.logging.log4j.LogManager.getContext(LogManager.java:196)
        at org.apache.logging.log4j.spi.AbstractLoggerAdapter.getContext(AbstractLoggerAdapter.java:137)
        at org.apache.logging.slf4j.Log4jLoggerFactory.getContext(Log4jLoggerFactory.java:55)
        at org.apache.logging.log4j.spi.AbstractLoggerAdapter.getLogger(AbstractLoggerAdapter.java:47)
        at org.apache.logging.slf4j.Log4jLoggerFactory.getLogger(Log4jLoggerFactory.java:33)
        at org.slf4j.LoggerFactory.getLogger(LoggerFactory.java:363)
        at com.ubnt.service.system.VA.return(Unknown Source)
        at com.ubnt.service.system.VA.<clinit>(Unknown Source)
        at com.ubnt.ace.Launcher.<clinit>(Unknown Source)

WARN Unable to load properties from '/usr/lib/unifi/data/system.properties' - /usr/lib/unifi/data/system.properties (No such file or directory)
2023-07-30 09:26:09,801 main ERROR Null object returned for RollingFile in Appenders.
2023-07-30 09:26:09,801 main ERROR Null object returned for RollingFile in Appenders.
2023-07-30 09:26:09,818 main ERROR Unable to locate appender "server_log" for logger config "root"
2023-07-30 09:26:09,819 main ERROR Unable to locate appender "migration_log" for logger config "migration"
WARNING: An illegal reflective access operation has occurred
WARNING: Illegal reflective access by org.apache.catalina.loader.WebappClassLoaderBase (file:/usr/lib/unifi/lib/tomcat-embed-core-9.0.59.jar) to field java.io.ObjectStreamClass$Caches.localDescs
WARNING: Please consider reporting this to the maintainers of org.apache.catalina.loader.WebappClassLoaderBase
WARNING: Use --illegal-access=warn to enable warnings of further illegal reflective access operations
WARNING: All illegal access operations will be denied in a future release
